epoch,loss,mean_squared_error,val_loss,val_mean_squared_error
0,0.017586798650833364,0.03517359897507605,0.011548692571916075,0.02309738514383215
1,0.009793629899833579,0.01958725979966716,0.008845667796232337,0.01769133559246468
2,0.008051680233379944,0.01610336046675989,0.007759038753569035,0.015518077507138073
3,0.007067034418967632,0.014134068837935266,0.006718260997855505,0.013436521995711012
4,0.006305405716729025,0.012610811433458052,0.006296939031079797,0.012593878062159596
5,0.005744189990307858,0.011488379980615715,0.005639367352533163,0.011278734705066325
6,0.005240834191336495,0.01048166838267299,0.005149945775898106,0.010299891551796211
7,0.004828437500599263,0.009656875001198526,0.004796593499328401,0.0095931869986568
8,0.004440918022923298,0.008881836045846596,0.004369401885739804,0.008738803771479606
9,0.004112264967630872,0.008224529935261743,0.004172653095457711,0.008345306190915421
10,0.0038376342295568743,0.007675268459113751,0.0038364707416195317,0.007672941483239063
11,0.0035745595355257433,0.007149119071051485,0.00358824394610752,0.00717648789221504
12,0.0033832419066874265,0.00676648381337485,0.003573314956362384,0.007146629912724768
13,0.003203843379167574,0.006407686758335148,0.003243105616340193,0.006486211232680387
14,0.0030414320640539676,0.006082864128107934,0.0030431813724170875,0.006086362744834173
15,0.002885680802087841,0.005771361604175683,0.0028473408581690314,0.0056946817163380644
16,0.0027543506054450288,0.005508701210890059,0.002760284180302604,0.005520568360605207
17,0.0026248057573219183,0.0052496115146438375,0.0026106898477268855,0.00522137969545377
18,0.002491906171317451,0.004983812342634902,0.00254067568669289,0.005081351373385779
19,0.0023792670839751125,0.004758534167950226,0.0023593804141989693,0.004718760828397939
20,0.0022810690416420537,0.004562138083284107,0.002424808867850331,0.004849617735700662
21,0.002170956140646537,0.004341912281293074,0.0021839616399226282,0.0043679232798452565
22,0.002076449987140771,0.0041528999742815416,0.0021048108408907263,0.004209621681781453
23,0.002004965933811599,0.004009931867623198,0.0020508890768612797,0.004101778153722558
24,0.0019108622859780192,0.0038217245719560384,0.0019032188605013476,0.0038064377210026957
25,0.0018548840044187846,0.0037097680088375687,0.001873102572978874,0.003746205145957747
26,0.0017910404155148418,0.0035820808310296835,0.0018688471542576426,0.0037376943085152847
27,0.001719254963638555,0.00343850992727711,0.001699942410163569,0.003399884820327139
28,0.00166675235658398,0.0033335047131679597,0.0017079017630793562,0.0034158035261587123
29,0.0016060371957692283,0.0032120743915384563,0.0015798749310196394,0.0031597498620392793
30,0.0015701331696231652,0.0031402663392463303,0.0015920866628544702,0.0031841733257089405
31,0.0015061056696113507,0.003012211339222702,0.0015649921860142813,0.0031299843720285635
32,0.001465896229335307,0.0029317924586706144,0.001636001805076861,0.003272003610153722
33,0.001417027436674305,0.002834054873348609,0.0014680282696543179,0.0029360565393086358
34,0.0013814559040635033,0.002762911808127006,0.0015179451889145274,0.0030358903778290544
35,0.0013225619693360737,0.002645123938672148,0.0013829720243115377,0.002765944048623076
36,0.0012902817381105069,0.0025805634762210137,0.0014799841721679894,0.002959968344335979
37,0.001257119869353367,0.002514239738706734,0.0012721020494875445,0.0025442040989750894
38,0.0012124571329344956,0.0024249142658689916,0.0012544080004735726,0.0025088160009471452
39,0.0011821985527254463,0.0023643971054508922,0.0011813769647343632,0.0023627539294687255
40,0.0011494710495268802,0.0022989420990537604,0.0011834107585719231,0.0023668215171438454
41,0.0011153173412150037,0.0022306346824300066,0.0011358092908731168,0.002271618581746234
42,0.001087997807685613,0.0021759956153712266,0.0011254984573794112,0.002250996914758823
43,0.0010605517312928044,0.0021211034625856088,0.001017700828885554,0.002035401657771108
44,0.0010324523066009223,0.002064904613201845,0.001092487283858311,0.002184974567716622
45,0.0010037025813694274,0.0020074051627388552,0.0009986302886856948,0.0019972605773713897
46,0.0009793025389225067,0.0019586050778450134,0.0010344506014952762,0.002068901202990552
47,0.000970782303675128,0.001941564607350256,0.0009720736123922415,0.0019441472247844823
48,0.0009369278532869123,0.0018738557065738246,0.0010205572892129833,0.002041114578425967
49,0.000911920134038893,0.001823840268077786,0.0010072866960804923,0.002014573392160985
50,0.0008996645944346337,0.0017993291888692674,0.0008947762008049047,0.0017895524016098095
51,0.0008678462413924341,0.0017356924827848677,0.0008849409235914346,0.0017698818471828693
52,0.0008620541595824193,0.001724108319164839,0.0008793186111823441,0.001758637222364688
53,0.0008462186102329396,0.0016924372204658797,0.0008174467782650123,0.001634893556530025
54,0.000820102505617732,0.001640205011235464,0.0009154175803747643,0.0018308351607495283
55,0.0007978672133339762,0.0015957344266679522,0.0008625351770905066,0.0017250703541810135
56,0.0007870362475172755,0.0015740724950345506,0.000866711023467766,0.001733422046935532
57,0.000773211890208861,0.0015464237804177225,0.0008192451614616104,0.0016384903229232208
58,0.0007528151302139146,0.0015056302604278292,0.0007827152479281578,0.0015654304958563155
59,0.0007444450108712017,0.0014888900217424035,0.000753350593492061,0.0015067011869841222
60,0.0007226335188815861,0.0014452670377631724,0.0007803041176631505,0.001560608235326301
61,0.0007102372226127719,0.0014204744452255438,0.0007070570396878994,0.0014141140793757993
62,0.0007133819502992072,0.001426763900598414,0.0006887437480212154,0.0013774874960424304
63,0.0006845001847669214,0.0013690003695338425,0.0006849319152125651,0.0013698638304251304
64,0.0006726634527231576,0.0013453269054463151,0.000702204569062714,0.001404409138125428
65,0.0006578116379215233,0.0013156232758430465,0.0006608800053422304,0.0013217600106844609
66,0.0006453749293007193,0.0012907498586014385,0.0006728049260879365,0.001345609852175873
67,0.000637843255292768,0.001275686510585536,0.0007225756752520863,0.0014451513505041723
68,0.0006304548562070032,0.0012609097124140069,0.0006181714706067958,0.0012363429412135915
69,0.0006199452230655363,0.0012398904461310726,0.0006121447161971103,0.0012242894323942206
70,0.0005869463310447683,0.0011738926620895366,0.0006473530117327386,0.0012947060234654775
71,0.0005923473124735082,0.0011846946249470163,0.0006054206983298754,0.0012108413966597504
72,0.0005917625565583801,0.0011835251131167605,0.0006051175613192045,0.0012102351226384088
73,0.000570991138554708,0.001141982277109416,0.0006255855887025517,0.0012511711774051033
74,0.0005635728191578505,0.001127145638315701,0.0007285326990445546,0.0014570653980891092
75,0.0005541442472953835,0.0011082884945907672,0.0005665857205388445,0.0011331714410776888
76,0.0005398114994244821,0.0010796229988489637,0.0005557845555642413,0.001111569111128483
77,0.0005314403184327931,0.0010628806368655863,0.0005469562978599318,0.0010939125957198637
78,0.0005326399289598438,0.001065279857919688,0.0005497325253544192,0.0010994650507088388
79,0.0005169806857259974,0.0010339613714519947,0.0005581377692670803,0.00111627553853416
80,0.0005050550495729729,0.0010101100991459458,0.0005210312046061961,0.0010420624092123923
81,0.0005129625641799755,0.0010259251283599507,0.0005401577393794498,0.0010803154787588996
82,0.0004937245425603489,0.000987449085120698,0.0005272647965589146,0.0010545295931178296
83,0.00048659347831500285,0.0009731869566300058,0.0004744282878875148,0.0009488565757750296
84,0.000482294072235869,0.000964588144471738,0.0004601516752970217,0.0009203033505940434
85,0.00047167668302961277,0.0009433533660592256,0.0004687576005963414,0.0009375152011926828
86,0.00046793731430619124,0.0009358746286123825,0.00047476738322858495,0.0009495347664571697
87,0.00045728273669005807,0.0009145654733801161,0.0005148659593090732,0.0010297319186181465
88,0.0004546959572889332,0.0009093919145778664,0.00043700371016842834,0.0008740074203368569
89,0.00044127096497299496,0.0008825419299459896,0.0004425849234907302,0.0008851698469814603
90,0.000447188437373532,0.0008943768747470638,0.0004898095234080825,0.000979619046816165
91,0.0004345378683485289,0.0008690757366970578,0.00045755466140471457,0.0009151093228094292
92,0.0004245830296874652,0.0008491660593749304,0.0004129595450497154,0.0008259190900994306
93,0.0004232034757907386,0.0008464069515814773,0.00043510436848022443,0.0008702087369604487
94,0.00041190825199902045,0.000823816503998041,0.0004135720057481646,0.0008271440114963293
95,0.00041379349647936405,0.000827586992958728,0.000418461566282856,0.0008369231325657121
96,0.0004049448460984528,0.0008098896921969055,0.0004515631297071005,0.000903126259414201
97,0.00040316163885728253,0.000806323277714565,0.0003999983897222521,0.0007999967794445044
98,0.0003921413383443542,0.0007842826766887081,0.0004868046338772625,0.000973609267754525
99,0.0003965873236928423,0.0007931746473856846,0.0005097692184990079,0.0010195384369980159
100,0.0003885337761549682,0.0007770675523099366,0.00037225339461198134,0.0007445067892239627
101,0.00037695804236034737,0.0007539160847206947,0.0004048310158260449,0.0008096620316520898
102,0.00037419335202650055,0.0007483867040530011,0.00040227993742334914,0.0008045598748466985
103,0.0003695799149429557,0.0007391598298859114,0.0003819798593498149,0.0007639597186996298
104,0.00036909287510105933,0.0007381857502021187,0.00040593084502033136,0.0008118616900406624
105,0.0003628500091236076,0.000725700018247215,0.00039734210767035507,0.0007946842153407104
106,0.0003604292225034209,0.0007208584450068419,0.00037442704284931203,0.0007488540856986243
107,0.00035317736008054815,0.0007063547201610963,0.0003505189902078823,0.0007010379804157646
108,0.0003536893250809248,0.0007073786501618496,0.00034973497657277147,0.0006994699531455429
109,0.0003427760935443983,0.0006855521870887966,0.0003620899514960269,0.0007241799029920538
110,0.0003397367291660668,0.0006794734583321337,0.00033938167311247915,0.0006787633462249583
111,0.00033516614491735494,0.0006703322898347098,0.00032758302249636046,0.0006551660449927211
112,0.00034138517057568925,0.0006827703411513786,0.0003711366525367692,0.0007422733050735383
113,0.0003337915385586251,0.0006675830771172502,0.0003323976418825679,0.000664795283765136
114,0.0003265145500122726,0.0006530291000245451,0.0003421917121006854,0.0006843834242013706
115,0.00032491871418526886,0.0006498374283705377,0.00033867644944674614,0.0006773528988934924
116,0.000316721793264727,0.0006334435865294543,0.00033264462133797017,0.0006652892426759403
117,0.00031985400633725614,0.0006397080126745123,0.00031766984374778873,0.0006353396874955775
118,0.00032139382249694057,0.000642787644993881,0.0003157758429565844,0.0006315516859131688
119,0.00030473083039105184,0.0006094616607821036,0.0003979416842948715,0.0007958833685897429
120,0.0003059812723493437,0.0006119625446986874,0.00033192093839646967,0.0006638418767929392
121,0.00030981023054205587,0.000619620461084112,0.0003448802427807107,0.0006897604855614213
122,0.0002998917376111422,0.0005997834752222843,0.00029644028316984925,0.0005928805663396986
123,0.0002993625775379547,0.0005987251550759093,0.00032259465398946273,0.0006451893079789254
124,0.0002942136508392186,0.0005884273016784371,0.00032895486693075197,0.0006579097338615039
125,0.00029409144694390497,0.0005881828938878099,0.0003027506512903452,0.0006055013025806905
126,0.0002887390188420846,0.0005774780376841692,0.0003633640551793912,0.0007267281103587824
127,0.0002885890996532343,0.0005771781993064684,0.00028886938671115304,0.0005777387734223061
128,0.0002884524035692245,0.0005769048071384491,0.000297938639285788,0.0005958772785715762
129,0.00028453972863282074,0.0005690794572656415,0.00030814354173540445,0.0006162870834708087
130,0.00028081291542936146,0.000561625830858723,0.0002773255735761438,0.0005546511471522876
131,0.0002685049710445841,0.0005370099420891683,0.0002862073173289898,0.0005724146346579797
132,0.00027924259743236613,0.0005584851948647323,0.0002443658096364877,0.0004887316192729755
133,0.00026957290820933845,0.000539145816418677,0.00030638682097512064,0.0006127736419502414
134,0.00026677716907326217,0.0005335543381465243,0.0002795312904478274,0.0005590625808956547
135,0.00026856843002931316,0.0005371368600586263,0.0002844698723005751,0.0005689397446011503
136,0.0002652433663845414,0.0005304867327690827,0.0002887803554741386,0.0005775607109482772
137,0.00026500764970379694,0.000530015299407594,0.00028849055650285673,0.0005769811130057134
138,0.0002565169381173111,0.0005130338762346222,0.0002971198336635021,0.0005942396673270043
139,0.0002616179668519041,0.0005232359337038082,0.00024964640531821016,0.0004992928106364204
140,0.00025662594646652404,0.000513251892933048,0.00027441538895220646,0.0005488307779044129
141,0.0002513990004406197,0.0005027980008812392,0.0003458311108806257,0.0006916622217612516
142,0.0002543927063405303,0.0005087854126810605,0.00024987046747419343,0.0004997409349483869
143,0.00024999623153890014,0.0004999924630778003,0.0002624871825436892,0.0005249743650873783
144,0.00024927705588035807,0.0004985541117607161,0.0002833842571033076,0.0005667685142066153
145,0.0002425502072646985,0.00048510041452939695,0.00023630755074053098,0.00047261510148106185
146,0.00024365943268824083,0.0004873188653764817,0.0002675845389092859,0.0005351690778185718
147,0.00024067427881958184,0.00048134855763916367,0.0002441923306136771,0.0004883846612273541
148,0.00024325355921260276,0.0004865071184252056,0.0002544315731802091,0.0005088631463604181
149,0.00023782413265309373,0.00047564826530618724,0.0002304628788317963,0.00046092575766359256
150,0.00023763750764131827,0.0004752750152826366,0.00028398807518529505,0.0005679761503705901
151,0.00023108392860187574,0.0004621678572037515,0.00025470818879460915,0.0005094163775892184
152,0.0002291211038621086,0.0004582422077242172,0.0003536995273162244,0.000707399054632449
153,0.0002335476222036155,0.000467095244407231,0.00025613961081248095,0.0005122792216249619
154,0.00022712277960957895,0.00045424555921915794,0.00026047296272076426,0.0005209459254415285
155,0.00022256182203306185,0.0004451236440661237,0.0002692120513809428,0.0005384241027618855
156,0.00022750081869156265,0.0004550016373831253,0.0002518661850407062,0.0005037323700814122
157,0.00022394119165604866,0.0004478823833120974,0.00024024216150706745,0.0004804843230141349
158,0.00022303574278878855,0.0004460714855775771,0.00022203053928278156,0.0004440610785655632
159,0.0002169429676737186,0.0004338859353474372,0.000225645845169401,0.000451291690338802
160,0.00021990146507891962,0.0004398029301578394,0.0002499268034575122,0.0004998536069150246
161,0.00021717669393919373,0.0004343533878783875,0.00026470334618585773,0.0005294066923717155
162,0.00021585164000169615,0.00043170328000339224,0.00023587741444121185,0.00047175482888242375
163,0.0002120228409138948,0.0004240456818277896,0.00022037409866670207,0.0004407481973334041
164,0.0002045003836503243,0.0004090007673006486,0.0002358917239159664,0.0004717834478319327
165,0.00021442402918918748,0.00042884805837837506,0.0002164145368039986,0.0004328290736079971
166,0.00020946331369687702,0.0004189266273937541,0.00024778954687586317,0.0004955790937517264
167,0.00020584109569038724,0.0004116821913807745,0.00023164796204915234,0.00046329592409830473
168,0.00020555023004171304,0.000411100460083426,0.0002124284169011212,0.0004248568338022425
169,0.00020683137809589402,0.00041366275619178803,0.00020938237498343954,0.00041876474996687904
170,0.00020872677645217042,0.0004174535529043408,0.00022865284617050186,0.0004573056923410038
171,0.0001942736594243069,0.00038854731884861384,0.00024816513651855526,0.0004963302730371104
172,0.00020161437374244517,0.00040322874748489033,0.00019060707485015605,0.00038121414970031215
173,0.00020105589600791126,0.00040211179201582253,0.00020915043398189286,0.0004183008679637857
174,0.00019352046371418725,0.00038704092742837456,0.000283290563228965,0.00056658112645793
175,0.00019708123656787626,0.00039416247313575257,0.00023261080472568096,0.00046522160945136186
176,0.000195097517737098,0.00039019503547419604,0.0001987291836583743,0.0003974583673167484
177,0.00018933927513945233,0.00037867855027890466,0.00018089805975402435,0.00036179611950804875
178,0.0001949381509591019,0.0003898763019182038,0.000199772109136671,0.00039954421827334194
179,0.0001927736710426069,0.0003855473420852138,0.0001952689847821833,0.00039053796956436677
180,0.00018694249832907223,0.00037388499665814447,0.00018498473176413525,0.0003699694635282705
181,0.0001846362959696525,0.000369272591939305,0.00019280027337485048,0.0003856005467497009
182,0.00018792162067728126,0.0003758432413545626,0.00022387636262473094,0.00044775272524946193
183,0.0001882631081521426,0.0003765262163042852,0.0002203763461576451,0.0004407526923152902
184,0.00018515393838019017,0.0003703078767603804,0.0001982926176926859,0.00039658523538537176
185,0.00018158760556861165,0.0003631752111372234,0.00018998300236744672,0.0003799660047348934
186,0.00017996651884573793,0.00035993303769147586,0.00020592376609848535,0.00041184753219697065
187,0.00017984760823292124,0.0003596952164658425,0.00016316297444909114,0.00032632594889818223
188,0.00018216276705598083,0.00036432553411196167,0.0002346851184739991,0.00046937023694799816
189,0.00017541774135640097,0.00035083548271280205,0.00017156208337373854,0.0003431241667474771
190,0.00018241889457922667,0.00036483778915845334,0.00018670654625145918,0.00037341309250291837
191,0.00017428084155702415,0.0003485616831140483,0.00019264211128387982,0.00038528422256775953
192,0.00017388608257492633,0.0003477721651498527,0.00019196919914480116,0.0003839383982896023
193,0.00017589813698359392,0.00035179627396718783,0.00015938957822087842,0.0003187791564417569
194,0.00017198153739698155,0.00034396307479396315,0.00017169919618579784,0.0003433983923715955
195,0.000173596175885697,0.000347192351771394,0.0001736583874032191,0.0003473167748064382
196,0.00017092988124233413,0.0003418597624846683,0.00017832452084369467,0.00035664904168738944
197,0.00016956006774772347,0.00033912013549544683,0.00017661474546885956,0.0003532294909377191
198,0.0001704405105165855,0.000340881021033171,0.0001654746002178316,0.0003309492004356632
199,0.00016713222438243143,0.00033426444876486286,0.0001730446214384985,0.000346089242876997
200,0.00016782885427134333,0.00033565770854268666,0.00019574083279782277,0.0003914816655956455
201,0.00016341680845506946,0.0003268336169101389,0.00017188233599193994,0.00034376467198387993
202,0.00016610309579289498,0.00033220619158578997,0.00016499714449791375,0.00032999428899582755
203,0.00016331481452141227,0.00032662962904282455,0.00016099894115287233,0.00032199788230574466
204,0.00016330298023187304,0.0003266059604637461,0.00019053696695101892,0.00038107393390203784
205,0.00016569074068772708,0.00033138148137545415,0.00017780589190766245,0.00035561178381532485
206,0.0001568812759968361,0.00031376255199367216,0.0001506995154341692,0.0003013990308683384
207,0.00016066177058561876,0.00032132354117123753,0.00015873416362122334,0.0003174683272424466
208,0.00015805404223992505,0.00031610808447985004,0.00017998784286584387,0.00035997568573168764
209,0.00015538631926739638,0.00031077263853479276,0.00015066085222075964,0.0003013217044415192
210,0.0001584156399947413,0.0003168312799894826,0.0001510859740410147,0.0003021719480820294
211,0.0001571535738055674,0.00031430714761113485,0.00015758476373212648,0.00031516952746425296
212,0.00015213344481953306,0.0003042668896390661,0.00019953989534793486,0.0003990797906958697
213,0.00015821968344447788,0.0003164393668889558,0.0001804296663128971,0.0003608593326257943
214,0.0001502710913924271,0.0003005421827848542,0.00015777457843304103,0.000315549156866082
215,0.0001544246493991395,0.00030884929879827907,0.0001419400005989264,0.0002838800011978528
216,0.00015174319247867604,0.00030348638495735197,0.0001517352642056933,0.00030347052841138666
217,0.00014886699767640676,0.0002977339953528135,0.00016843232502091225,0.00033686465004182444
218,0.00015211434202206617,0.0003042286840441324,0.00014984850133962396,0.00029969700267924796
219,0.00015513731916744908,0.0003102746383348981,0.00016818000942020266,0.00033636001884040527
220,0.0001446789335608477,0.00028935786712169537,0.0001651036145659835,0.000330207229131967
221,0.0001487044040184145,0.000297408808036829,0.00013877830929733093,0.0002775566185946619
222,0.00014757131773145157,0.00029514263546290314,0.00015513834874937072,0.0003102766974987415
223,0.0001473503975813506,0.00029470079516270126,0.00017078725928189217,0.0003415745185637842
224,0.00014206466679501966,0.00028412933359003937,0.00016947831629838945,0.0003389566325967789
225,0.00014815756991371268,0.0002963151398274253,0.00014026087389363109,0.00028052174778726217
226,0.0001437043476398881,0.0002874086952797762,0.00015731913334848777,0.00031463826669697554
227,0.00013943850848232547,0.00027887701696465095,0.00017208015824345222,0.0003441603164869045
228,0.00014119600129525048,0.00028239200259050096,0.00016330204984090432,0.0003266040996818085
229,0.0001444668039122895,0.000288933607824579,0.00014527049495913363,0.00029054098991826725
230,0.00013965619597341,0.00027931239194682,0.00011898047589562518,0.00023796095179125037
231,0.00013867681005180413,0.00027735362010360826,0.00015029633743606402,0.00030059267487212804
232,0.000140237309961003,0.000280474619922006,0.00017441242585315418,0.00034882485170630836
233,0.00013810043072960243,0.0002762008614592049,0.00015380800552636232,0.00030761601105272463
234,0.0001429467598849678,0.0002858935197699356,0.00015797962930237108,0.00031595925860474226
235,0.00013108447815175604,0.00026216895630351214,0.00014003271263315393,0.0002800654252663078
236,0.00013754460339082073,0.0002750892067816414,0.00013959222452859663,0.0002791844490571933
237,0.00013850874534471943,0.00027701749068943885,0.0001444585661815803,0.00028891713236316055
238,0.0001345531048870199,0.00026910620977403985,0.00014285771904358076,0.0002857154380871615
239,0.00013432668540044212,0.00026865337080088424,0.00014267419412844308,0.00028534838825688616
240,0.00013419847532928538,0.0002683969506585707,0.00020448397320794765,0.00040896794641589524
241,0.0001375240481833544,0.0002750480963667088,0.00012109111392513506,0.0002421822278502701
242,0.00012766356892348252,0.00025532713784696503,0.0001418379315703099,0.0002836758631406198
243,0.00013338859191171012,0.0002667771838234203,0.00013397581307268092,0.00026795162614536185
244,0.0001321655759407288,0.0002643311518814576,0.00014859792378711054,0.0002971958475742209
245,0.00012963237326945126,0.0002592647465389025,0.0001283417480979732,0.0002566834961959463
246,0.0001322428685979615,0.0002644857371959231,0.0001501728857735509,0.0003003457715471018
247,0.00012632777538309077,0.00025265555076618154,0.00021150253542026725,0.0004230050708405345
248,0.0001316847059041671,0.0002633694118083342,0.00012914202856931868,0.00025828405713863736
249,0.00012412535440601877,0.00024825070881203754,0.00013806617372457187,0.0002761323474491437
250,0.00013241024315483783,0.0002648204863096757,0.00014124333224773468,0.00028248666449546937
251,0.0001283632584678066,0.00025672651693561317,0.00014613637960649413,0.00029227275921298826
252,0.00012961225061527612,0.0002592245012305523,0.00014002370967877096,0.0002800474193575419
253,0.0001260095612711864,0.00025201912254237287,0.0001535771085994683,0.00030715421719893654
254,0.0001231434492573101,0.00024628689851462026,0.00012482598950545615,0.00024965197901091225
255,0.00012691070069797552,0.000253821401395951,0.00016862143474077524,0.00033724286948155053
256,0.00012323746964913333,0.00024647493929826666,0.0001294365691252597,0.0002588731382505194
257,0.00012409398866055572,0.0002481879773211114,0.00013071705973149734,0.0002614341194629948
258,0.0001198067984908482,0.0002396135969816964,0.0001226979204617654,0.00024539584092353093
259,0.00012489619414398,0.00024979238828796,0.000138575800729357,0.00027715160145871405
260,0.0001243160873019972,0.00024863217460399444,0.00014570039991183966,0.0002914007998236793
261,0.00012153794585934096,0.00024307589171868187,0.00012865496038817997,0.00025730992077635994
262,0.00012307063510454808,0.0002461412702090961,0.00011339391824590657,0.00022678783649181318
263,0.00012041739451616267,0.00024083478903232534,0.00013721273100139925,0.00027442546200279856
264,0.00011834564127277772,0.00023669128254555548,0.00014348280451752574,0.0002869656090350515
265,0.00012305910373334897,0.00024611820746669793,0.0001233379933610532,0.00024667598672210633
266,0.00012019143611149737,0.0002403828722229947,0.0001395553703088408,0.00027911074061768155
267,0.00011848640433138161,0.0002369728086627632,0.00012435726026124066,0.0002487145205224813
268,0.00011702210198153423,0.00023404420396306848,0.00011367363738447468,0.00022734727476894932
269,0.0001204950659539081,0.00024099013190781625,0.0001304641873369481,0.0002609283746738962
270,0.00011476988188099011,0.00022953976376198021,0.00011500746609858528,0.00023001493219717057
271,0.00011945966503820096,0.0002389193300764019,0.0001316187683761661,0.0002632375367523322
272,0.00011337214729962397,0.0002267442945992479,0.00011748393986455634,0.00023496787972911268
273,0.00011309736956034015,0.00022619473912068036,0.00012983263868920919,0.00025966527737841837
274,0.00011774865618054089,0.00023549731236108178,0.00011935403934540157,0.00023870807869080313
275,0.00011177127758087373,0.00022354255516174746,0.00011888871474530513,0.0002377774294906102
276,0.00011390886396231927,0.00022781772792463854,0.00012181965128793674,0.0002436393025758735
277,0.00011285602991941629,0.0002257120598388326,0.00010904184009923595,0.0002180836801984719
278,0.00011674748429666534,0.00023349496859333065,0.00011308267989460028,0.00022616535978920054
279,0.0001116131472326228,0.0002232262944652456,0.00011951032538814323,0.00023902065077628643
280,0.00011632666773732775,0.00023265333547465553,0.00011664617207424875,0.0002332923441484975
281,0.00010866908655973784,0.00021733817311947565,0.0001387919955345686,0.0002775839910691372
282,0.0001098223418197361,0.00021964468363947225,0.00010891215500833286,0.00021782431001666575
283,0.00011131809719746712,0.0002226361943949343,0.00010649316437301756,0.0002129863287460351
284,0.00011351735225265904,0.00022703470450531808,0.00011160106851690548,0.00022320213703381096
285,0.00011148998995251526,0.00022297997990503048,0.00011910641402379624,0.0002382128280475925
286,0.00010971468687369284,0.00021942937374738568,9.825067603594182e-05,0.00019650135207188355
287,0.00010871000579747301,0.00021742001159494602,0.00011918095416286517,0.00023836190832573036
288,0.00011068774606554481,0.00022137549213108962,0.00016434543255305312,0.00032869086510610624
289,0.00010848379836249098,0.00021696759672498194,0.00011423427509774202,0.00022846855019548404
290,0.0001105138901714941,0.0002210277803429882,0.0001257419390888599,0.0002514838781777198
291,0.00010782364651667125,0.0002156472930333426,0.00019827906621528826,0.0003965581324305765
292,0.00010895737202327982,0.00021791474404655962,0.00011186338636709942,0.00022372677273419886
293,0.00010417240518021032,0.00020834481036042065,0.00014392897360163498,0.0002878579472032699
294,0.00010600051357166455,0.00021200102714332913,0.0001130266901472126,0.00022605338029442514
295,0.00010455324434923869,0.00020910648869847736,0.00012211439388437479,0.0002442287877687495
296,0.00010402223807505113,0.00020804447615010223,0.00010421668827676569,0.0002084333765535314
297,0.00010684340946940647,0.00021368681893881294,0.00011592459192366748,0.00023184918384733496
298,0.00010399856557889069,0.00020799713115778143,9.121772857617596e-05,0.0001824354571523519
299,0.00010660386620074553,0.0002132077324014911,0.00011545780015680929,0.00023091560031361858
300,0.00010053020379786933,0.00020106040759573866,0.00010668699563432123,0.00021337399126864244
301,0.0001051300142498256,0.00021026002849965122,0.0001142492431621136,0.00022849848632422725
302,0.0001065976738047406,0.00021319534760948116,0.00012327242080406575,0.0002465448416081315
303,0.00010483638033698773,0.00020967276067397546,0.00010689909984208873,0.00021379819968417747
304,9.935821905442547e-05,0.00019871643810885094,0.0001233961473551783,0.0002467922947103566
305,0.0001020614637634422,0.0002041229275268844,0.00012585953711709763,0.0002517190742341952
306,0.00010169809002567577,0.00020339618005135157,0.00010101526032172856,0.00020203052064345713
307,0.0001016775364062071,0.00020335507281241423,9.653166100864257e-05,0.00019306332201728514
308,0.00010044468217960105,0.0002008893643592021,0.00010033640852203223,0.00020067281704406442
309,9.98675045938112e-05,0.0001997350091876224,9.739677424427625e-05,0.00019479354848855253
310,9.942862419536111e-05,0.00019885724839072225,0.00011436585687368216,0.00022873171374736433
311,0.00010074605870875753,0.00020149211741751503,0.00011678955485245498,0.00023357910970490993
312,9.817723554461365e-05,0.0001963544710892273,0.00011220643877435165,0.0002244128775487033
313,9.937527714895493e-05,0.00019875055429790988,0.00011753269978083518,0.00023506539956167036
314,9.933844265858094e-05,0.00019867688531716193,0.00014732323476054657,0.0002946464695210931
315,9.865980332160392e-05,0.00019731960664320783,9.51000206582415e-05,0.00019020004131648302
316,9.784070626209516e-05,0.00019568141252419033,0.00011229842251332503,0.00022459684502665006
317,0.00010052884597080073,0.0002010576919416014,8.337407696866724e-05,0.00016674815393733451
318,9.314581006867923e-05,0.00018629162013735848,0.00012517408273093406,0.0002503481654618681
319,9.96666195084117e-05,0.0001993332390168234,0.00011752388695490676,0.00023504777390981354
320,9.536704050582281e-05,0.00019073408101164565,9.947792232026546e-05,0.00019895584464053097
321,9.487801291284505e-05,0.00018975602582569007,0.00010330133782217587,0.00020660267564435176
322,9.746148209340337e-05,0.00019492296418680675,0.00010061613721521739,0.0002012322744304348
323,9.722881395858277e-05,0.00019445762791716554,0.00012665878365899596,0.0002533175673179919
324,9.69902597378979e-05,0.00019398051947579578,0.0001039196694254246,0.0002078393388508492
325,9.604233975423995e-05,0.00019208467950847992,0.00011185383815089067,0.0002237076763017814
326,9.41228064103244e-05,0.00018824561282064885,9.731114455675611e-05,0.0001946222891135122
327,9.367699700226139e-05,0.00018735399400452278,0.00012688650110785377,0.00025377300221570754
328,9.315794400230985e-05,0.0001863158880046197,9.749112590363037e-05,0.0001949822518072607
329,9.577253042100603e-05,0.00019154506084201206,8.808983121126872e-05,0.00017617966242253747
330,9.206614515129106e-05,0.0001841322903025821,0.00010234522241634547,0.0002046904448326909
331,9.489489640547557e-05,0.00018978979281095113,9.757805800534449e-05,0.00019515611601068897
332,9.137939967053845e-05,0.00018275879934107693,8.830606218343388e-05,0.00017661212436686775
333,9.258757080399263e-05,0.0001851751416079852,9.886086050055452e-05,0.00019772172100110904
334,9.12941879347639e-05,0.0001825883758695278,0.0001124076827782053,0.00022481536555641054
335,9.279599960211241e-05,0.00018559199920422482,9.293971502884765e-05,0.0001858794300576953
336,9.212474646787327e-05,0.0001842494929357466,9.402362104058685e-05,0.0001880472420811737
337,9.013121070293394e-05,0.00018026242140586782,7.976583407903616e-05,0.00015953166815807233
338,8.812546866665311e-05,0.00017625093733330622,9.323667450762727e-05,0.00018647334901525454
339,9.133467753631648e-05,0.00018266935507263297,0.0001103971284432996,0.00022079425688659916
340,9.434909252989548e-05,0.00018869818505979095,9.101849898773185e-05,0.00018203699797546366
341,9.186222322865145e-05,0.0001837244464573029,0.00010093697519406763,0.00020187395038813525
342,8.69364267734808e-05,0.0001738728535469616,8.87065571972346e-05,0.00017741311439446926
343,8.789697713090928e-05,0.0001757939542618185,0.00010189782377574021,0.00020379564755148037
344,8.896524711481062e-05,0.00017793049422962123,9.055944622065229e-05,0.00018111889244130458
345,8.833357849088171e-05,0.00017666715698176348,9.016431415840978e-05,0.00018032862831681955
346,8.878627866692233e-05,0.00017757255733384463,7.678481981540973e-05,0.00015356963963081944
347,8.980254384319927e-05,0.0001796050876863985,8.900913306761216e-05,0.00017801826613522432
348,8.625891538860834e-05,0.0001725178307772167,7.604864054743625e-05,0.0001520972810948725
349,8.999252934099649e-05,0.00017998505868199299,8.12834322756022e-05,0.00016256686455120442
350,8.619724752902378e-05,0.00017239449505804754,7.75902702790012e-05,0.00015518054055800243
351,8.664296318431937e-05,0.0001732859263686387,8.4694287615276e-05,0.00016938857523055196
352,8.747172852250601e-05,0.00017494345704501205,9.979058338559079e-05,0.00019958116677118163
353,8.955669661676129e-05,0.00017911339323352254,9.762409623840463e-05,0.00019524819247680926
354,8.468565979347121e-05,0.0001693713195869424,9.653952109701464e-05,0.00019307904219402928
355,8.599271729654132e-05,0.00017198543459308267,9.559298316031166e-05,0.0001911859663206233
356,8.515571130628248e-05,0.00017031142261256495,7.59904128668647e-05,0.0001519808257337294
357,8.92814948588432e-05,0.00017856298971768644,9.395618841416218e-05,0.0001879123768283244
358,8.284790408852151e-05,0.00016569580817704302,0.00010504062777608024,0.00021008125555216047
359,8.567717178629787e-05,0.00017135434357259577,0.00010739112395980255,0.00021478224791960507
360,8.409099923429744e-05,0.00016818199846859485,9.001911694214814e-05,0.00018003823388429628
361,8.467186103579273e-05,0.0001693437220715854,0.0001106902035571416,0.00022138040711428317
362,8.299308513722185e-05,0.00016598617027444363,8.774446707634542e-05,0.00017548893415269084
363,8.428414134975525e-05,0.0001685682826995105,0.0001197663092578478,0.00023953261851569557
364,8.26954606761875e-05,0.00016539092135237497,9.554561585843586e-05,0.00019109123171687171
365,8.652411319998591e-05,0.00017304822639997185,0.00011894141159667064,0.00023788282319334126
366,8.195252069072477e-05,0.00016390504138144948,7.819653183842566e-05,0.00015639306367685129
367,8.53215940485239e-05,0.0001706431880970478,8.250182393489884e-05,0.0001650036478697977
368,8.273904090851248e-05,0.00016547808181702496,0.00010419692992752309,0.00020839385985504624
369,8.256859800245237e-05,0.00016513719600490473,8.035211989601252e-05,0.00016070423979202503
370,8.093708865915074e-05,0.00016187417731830146,8.192934009448027e-05,0.00016385868018896054
371,8.383502005895633e-05,0.00016767004011791265,0.00013051097790269954,0.00026102195580539903
372,8.290017696598623e-05,0.0001658003539319724,0.00011754362986904272,0.00023508725973808538
373,7.860333811295207e-05,0.00015720667622590417,8.878699572770915e-05,0.00017757399145541832
374,8.363311038855423e-05,0.00016726622077710852,9.893683627954307e-05,0.0001978736725590861
375,8.39315680725126e-05,0.00016786313614502524,8.742190847233514e-05,0.0001748438169446703
376,7.770312661474663e-05,0.00015540625322949325,8.362930829200397e-05,0.0001672586165840079
377,7.967859798505285e-05,0.00015935719597010573,8.396520601975751e-05,0.00016793041203951503
378,7.979018014812594e-05,0.0001595803602962519,0.00010131997240593703,0.0002026399448118741
379,8.068767682571426e-05,0.00016137535365142851,8.145560794627191e-05,0.00016291121589254376
380,7.992193264271104e-05,0.00015984386528542207,9.016257063914747e-05,0.00018032514127829492
381,8.15839215107755e-05,0.00016316784302155098,9.546645764692011e-05,0.0001909329152938402
382,8.044725312415801e-05,0.000160894506248316,0.00011211667035081831,0.00022423334070163661
383,7.735558645713629e-05,0.00015471117291427258,8.990339698762547e-05,0.00017980679397525096
384,7.721104301391307e-05,0.00015442208602782615,7.532944097668877e-05,0.00015065888195337756
385,8.003993948903412e-05,0.00016007987897806818,0.00010227305460672043,0.00020454610921344087
386,7.824413170323614e-05,0.00015648826340647234,0.00010969214457667502,0.00021938428915335004
387,8.00662748276285e-05,0.00016013254965525697,7.228408597851009e-05,0.00014456817195702016
388,7.693372886556228e-05,0.00015386745773112456,7.496629313494469e-05,0.00014993258626988935
389,7.801891981828753e-05,0.0001560378396365751,7.051351556237683e-05,0.00014102703112475368
390,7.688423916918721e-05,0.00015376847833837443,7.15411799854995e-05,0.000143082359970999
391,7.574468763988748e-05,0.00015148937527977496,8.562601045312794e-05,0.00017125202090625583
392,7.815648148839026e-05,0.00015631296297678051,0.00010039481926043948,0.00020078963852087893
393,7.77665809426316e-05,0.0001555331618852632,9.712082711664227e-05,0.00019424165423328454
394,7.890063206275484e-05,0.00015780126412550971,7.710405237421736e-05,0.00015420810474843472
395,7.33537994058441e-05,0.00014670759881168819,8.243416529438399e-05,0.00016486833058876798
396,7.797654855826354e-05,0.00015595309711652708,0.00010409218458645255,0.00020818436917290515
397,7.671986332709328e-05,0.00015343972665418656,8.431791575196638e-05,0.00016863583150393273
398,7.653178800072414e-05,0.00015306357600144827,7.726547905703287e-05,0.00015453095811406573
399,7.154859841127233e-05,0.0001430971968225447,7.727549379749018e-05,0.0001545509875949803
400,7.596486478535652e-05,0.000151929729570713,7.611045122485479e-05,0.00015222090244970958
401,7.572661301770172e-05,0.00015145322603540346,7.371040633597086e-05,0.00014742081267194173
402,7.595553734643944e-05,0.0001519110746928789,0.00011947757227269188,0.00023895514454538383
403,7.494195188451137e-05,0.00014988390376902272,7.939574831122049e-05,0.00015879149662244098
404,7.524536307771778e-05,0.0001504907261554356,7.800878943244565e-05,0.0001560175788648913
405,7.450740433825129e-05,0.00014901480867650257,6.674968312869129e-05,0.00013349936625738258
406,7.434032323245095e-05,0.00014868064646490187,7.152609357483601e-05,0.00014305218714967202
407,7.297598171941146e-05,0.0001459519634388229,8.608337769496922e-05,0.00017216675538993842
408,7.82378722817999e-05,0.00015647574456359973,7.505211287267381e-05,0.0001501042257453476
409,6.917407580506914e-05,0.0001383481516101383,9.361141300466088e-05,0.00018722282600932175
410,7.404065478376478e-05,0.0001480813095675295,0.00010972793776074945,0.00021945587552149888
411,7.597399252450723e-05,0.00015194798504901448,9.048336860605679e-05,0.00018096673721211358
412,7.224991221799001e-05,0.00014449982443598007,9.298389962718143e-05,0.00018596779925436285
413,7.169539198607642e-05,0.00014339078397215287,6.930246000300819e-05,0.00013860492000601635
414,7.547131478024169e-05,0.00015094262956048338,0.00010351554789858234,0.0002070310957971647
415,7.171580980013621e-05,0.00014343161960027242,9.049696460082727e-05,0.0001809939292016545
416,7.300726941240135e-05,0.00014601453882480268,0.00010153114583661592,0.00020306229167323185
417,7.015803015812761e-05,0.00014031606031625522,6.70459248021644e-05,0.0001340918496043288
418,7.691954330801049e-05,0.00015383908661602098,8.291309572220293e-05,0.00016582619144440587
419,7.07794891346953e-05,0.0001415589782693906,6.948757599812274e-05,0.00013897515199624545
420,7.187163270211084e-05,0.00014374326540422168,9.3793304419125e-05,0.00018758660883825
421,7.172437891426394e-05,0.00014344875782852786,6.450113000368705e-05,0.0001290022600073741
422,6.924640367344384e-05,0.00013849280734688768,8.969515997010982e-05,0.00017939031994021964
423,7.077652814748522e-05,0.00014155305629497047,7.544791283558288e-05,0.00015089582567116575
424,7.307176454183462e-05,0.0001461435290836692,7.342482461069584e-05,0.00014684964922139168
425,7.162847055907014e-05,0.00014325694111814026,7.884142233827613e-05,0.00015768284467655223
426,6.887314301051591e-05,0.0001377462860210318,8.594485544184269e-05,0.0001718897108836854
427,7.006282533881396e-05,0.00014012565067762788,6.467562123738455e-05,0.0001293512424747691
428,6.968969857872085e-05,0.00013937939715744167,6.89052094897345e-05,0.00013781041897946905
429,7.193606155854034e-05,0.00014387212311708068,7.60210843547582e-05,0.0001520421687095164
430,6.904447990278755e-05,0.0001380889598055751,8.0561734535708e-05,0.000161123469071416
431,7.103286991772848e-05,0.00014206573983545698,8.33824124413355e-05,0.000166764824882671
432,6.918356632307102e-05,0.00013836713264614203,6.638905960649654e-05,0.00013277811921299308
433,7.020804561938403e-05,0.00014041609123876807,8.189012394997377e-05,0.0001637802478999475
434,6.794334134532495e-05,0.0001358866826906499,8.521611648165953e-05,0.00017043223296331908
435,6.893477761558396e-05,0.0001378695552311679,7.330283786478903e-05,0.00014660567572957807
436,6.592195359589982e-05,0.00013184390719179966,7.502459241970512e-05,0.00015004918483941024
437,7.332032525975206e-05,0.00014664065051950411,5.555545220978967e-05,0.00011111090441957933
438,7.001363278147527e-05,0.00014002726556295057,7.159302844059378e-05,0.0001431860568811876
439,6.821036332493338e-05,0.00013642072664986677,6.572861574886638e-05,0.00013145723149773277
440,6.326532015193298e-05,0.000126530640303866,7.178877149338942e-05,0.00014357754298677881
441,6.967617256420399e-05,0.00013935234512840803,6.757139186652668e-05,0.00013514278373305332
442,6.88215070374884e-05,0.0001376430140749768,5.771741781625293e-05,0.00011543483563250588
443,6.560566150459576e-05,0.00013121132300919153,7.217489117974228e-05,0.00014434978235948457
444,6.47239988685362e-05,0.0001294479977370724,8.804866891605318e-05,0.00017609733783210637
445,7.049932227701436e-05,0.0001409986445540287,9.369144717126438e-05,0.00018738289434252882
446,6.551302840628894e-05,0.00013102605681257788,6.551890814307167e-05,0.0001310378162861433
447,6.93423022682731e-05,0.00013868460453654618,8.51031944164286e-05,0.00017020638883285716
448,6.500386723780781e-05,0.00013000773447561565,8.01906466755975e-05,0.000160381293351195
449,6.95336751393606e-05,0.00013906735027872122,7.498644326425931e-05,0.0001499728865285186
450,6.318733129771715e-05,0.0001263746625954343,7.049449588467511e-05,0.00014098899176935022
451,6.649187030528378e-05,0.0001329837406105676,6.778627886939247e-05,0.00013557255773878493
452,6.488044434873229e-05,0.00012976088869746453,0.00010387254330929321,0.00020774508661858642
453,7.081274545975668e-05,0.00014162549091951333,7.776704938669761e-05,0.00015553409877339526
454,6.608726008812605e-05,0.0001321745201762521,6.359301657275779e-05,0.00012718603314551557
455,6.369883974403203e-05,0.00012739767948806408,7.863989246151267e-05,0.00015727978492302534
456,6.574641358399373e-05,0.00013149282716798746,7.704808310361378e-05,0.00015409616620722756
457,6.529794961662605e-05,0.0001305958992332521,8.987280728045769e-05,0.00017974561456091535
458,6.812842049546754e-05,0.00013625684099093506,6.686039559733779e-05,0.00013372079119467557
459,6.266868708029082e-05,0.0001253373741605816,6.301815254499527e-05,0.00012603630508999054
460,6.640336855566583e-05,0.00013280673711133165,6.727689782772903e-05,0.00013455379565545806
461,6.129600726237561e-05,0.00012259201452475123,7.966133293810393e-05,0.00015932266587620787
462,6.746723388724213e-05,0.00013493446777448426,7.163966263741717e-05,0.00014327932527483437
463,6.461884085491603e-05,0.0001292376817098321,8.383248308601877e-05,0.00016766496617203754
464,6.408471021329145e-05,0.00012816942042658287,0.00010118638618470558,0.00020237277236941114
465,6.406189348865625e-05,0.0001281237869773125,7.32003716359667e-05,0.0001464007432719334
466,6.274689977612202e-05,0.00012549379955224403,7.223045695699765e-05,0.0001444609139139953
467,6.644578356032659e-05,0.00013289156712065317,7.245961821781898e-05,0.00014491923643563794
468,6.454036442706859e-05,0.00012908072885413715,7.072414879450295e-05,0.00014144829758900592
469,6.35295209841637e-05,0.00012705904196832742,6.22323794618288e-05,0.00012446475892365763
470,6.236969572416237e-05,0.00012473939144832478,5.6611726308094536e-05,0.00011322345261618907
471,6.419715385405892e-05,0.00012839430770811787,6.201917533543786e-05,0.0001240383506708757
472,6.304017242575864e-05,0.00012608034485151723,7.434444892135223e-05,0.0001486888978427045
473,6.39195753865279e-05,0.0001278391507730558,6.609077816467465e-05,0.0001321815563293493
474,6.131353841727432e-05,0.00012262707683454864,6.489656971012628e-05,0.00012979313942025256
475,6.186981565174802e-05,0.00012373963130349607,5.986137649534214e-05,0.00011972275299068428
476,6.66527084990801e-05,0.0001333054169981602,6.764088157800847e-05,0.00013528176315601693
477,6.070661168394893e-05,0.00012141322336789785,6.867772025077179e-05,0.00013735544050154358
478,6.17396053066373e-05,0.0001234792106132746,5.9095467384221985e-05,0.00011819093476844397
479,6.325883523539723e-05,0.00012651767047079445,7.019920891584346e-05,0.00014039841783168689
480,6.436417931935496e-05,0.0001287283586387099,6.309321070504572e-05,0.00012618642141009148
481,6.047075477807553e-05,0.00012094150955615106,6.45984535960297e-05,0.00012919690719205936
482,6.499745288514467e-05,0.00012999490577028934,5.2861763667622216e-05,0.00010572352733524445
483,5.829394723670529e-05,0.00011658789447341058,0.00010672975735783817,0.00021345951471567638
484,6.3303287006489e-05,0.00012660657401297802,5.9488933051130753e-05,0.00011897786610226152
485,6.217928999675762e-05,0.00012435857999351527,7.115785086017841e-05,0.0001423157017203568
486,5.9207451438317396e-05,0.0001184149028766348,6.619105591041554e-05,0.00013238211182083109
487,6.245157034593548e-05,0.00012490314069187093,6.664554823134962e-05,0.00013329109646269925
488,6.0551003736611e-05,0.000121102007473222,6.269019625004711e-05,0.0001253803925000942
489,6.115894204313736e-05,0.00012231788408627472,7.330228733081342e-05,0.00014660457466162685
490,6.017592805665762e-05,0.00012035185611331525,8.548838542716882e-05,0.00017097677085433765
491,5.881364289546441e-05,0.00011762728579092882,6.348950066314053e-05,0.00012697900132628106
492,6.262643847145491e-05,0.00012525287694290985,6.880078234991321e-05,0.00013760156469982645
493,6.553605469142267e-05,0.00013107210938284532,8.280869539186118e-05,0.00016561739078372234
494,5.61579460229491e-05,0.00011231589204589823,8.833639166913669e-05,0.0001766727833382734
495,5.983105566556016e-05,0.00011966211133112033,7.447226365031127e-05,0.00014894452730062252
496,5.863797539886684e-05,0.00011727595079773371,5.466668197896989e-05,0.00010933336395793979
497,6.01429193036908e-05,0.00012028583860738162,6.900126946830051e-05,0.00013800253893660102
498,5.8458275739548546e-05,0.0001169165514790971,5.525362846483595e-05,0.00011050725692967192
499,6.0600746020778955e-05,0.00012120149204155791,5.626861678126826e-05,0.00011253723356253652
500,5.950277069007884e-05,0.00011900554138015771,6.786721907248536e-05,0.00013573443814497076
501,6.066757325538874e-05,0.00012133514651077747,8.44547952049433e-05,0.0001689095904098866
502,5.713443653039489e-05,0.00011426887306078977,4.83916030819168e-05,9.678320616383358e-05
503,6.004884973275973e-05,0.00012009769946551945,6.739017996549053e-05,0.00013478035993098108
504,6.037452489708169e-05,0.0001207490497941634,5.8101721536567295e-05,0.00011620344307313459
505,5.754557304443398e-05,0.00011509114608886796,6.504944044596889e-05,0.00013009888089193775
506,5.972937678865737e-05,0.00011945875357731476,7.112479926758177e-05,0.00014224959853516354
507,5.4936380641778375e-05,0.00010987276128355675,5.894410107226652e-05,0.00011788820214453303
508,6.149556181596179e-05,0.00012299112363192358,6.0406116806596416e-05,0.00012081223361319283
509,5.827452168964469e-05,0.00011654904337928938,5.525002687079056e-05,0.00011050005374158111
510,5.5973602763661704e-05,0.0001119472055273234,8.47172987359304e-05,0.0001694345974718608
511,5.7478807291316045e-05,0.00011495761458263209,6.094368274683253e-05,0.00012188736549366506
512,5.777851505616234e-05,0.00011555703011232468,8.162633243976699e-05,0.00016325266487953399
513,6.076542073764959e-05,0.00012153084147529919,6.836508793023118e-05,0.00013673017586046237
514,5.810056769691527e-05,0.00011620113539383053,5.1624156552529606e-05,0.00010324831310505918
515,5.5534049648479013e-05,0.00011106809929695804,7.215485139501127e-05,0.00014430970279002248
516,5.905762512645667e-05,0.00011811525025291334,6.533647740343205e-05,0.0001306729548068641
517,5.808126902553592e-05,0.00011616253805107184,7.244875539682466e-05,0.00014489751079364933
518,5.448076991502317e-05,0.00010896153983004634,5.673962938593893e-05,0.00011347925877187783
519,5.671203961201736e-05,0.00011342407922403471,6.322188115721659e-05,0.0001264437623144332
520,5.894366062572061e-05,0.0001178873212514412,6.460064897343204e-05,0.00012920129794686408
521,5.6685296127220364e-05,0.00011337059225444071,5.307286229839394e-05,0.00010614572459678787
522,5.653205414684671e-05,0.00011306410829369343,5.844387993597577e-05,0.00011688775987195154
523,5.690792024223544e-05,0.00011381584048447085,6.6265604428584e-05,0.00013253120885716797
524,5.688455759628254e-05,0.00011376911519256508,6.165711045269252e-05,0.00012331422090538507
525,5.4726234275826173e-05,0.00010945246855165236,6.378107114924923e-05,0.00012756214229849846
526,5.964996943508798e-05,0.00011929993887017594,6.219876247317703e-05,0.00012439752494635404
527,5.4906863208482794e-05,0.00010981372641696559,4.7391309961923527e-05,9.478261992384707e-05
528,5.6779007829475735e-05,0.00011355801565895146,5.201914312092039e-05,0.0001040382862418408
529,5.4651460118571996e-05,0.00010930292023714399,5.4085733063991116e-05,0.00010817146612798222
530,5.7465201050242006e-05,0.00011493040210048403,5.847162662943696e-05,0.00011694325325887392
531,5.409186936166441e-05,0.00010818373872332882,7.984908935343645e-05,0.00015969817870687287
532,5.4951893766506656e-05,0.0001099037875330133,7.872431342426907e-05,0.0001574486268485381
533,5.65786982703119e-05,0.0001131573965406238,5.837664538248813e-05,0.00011675329076497625
534,5.22393872560319e-05,0.00010447877451206378,5.2677971996694616e-05,0.00010535594399338925
535,5.688120665387186e-05,0.00011376241330774371,5.311148236578723e-05,0.00010622296473157444
536,5.694662311075571e-05,0.00011389324622151142,6.103806294489332e-05,0.00012207612588978665
537,5.4809648640228385e-05,0.00010961929728045676,5.491314055829672e-05,0.00010982628111659345
538,5.5143647591956836e-05,0.00011028729518391369,5.490923843402164e-05,0.00010981847686804327
539,5.383258540640408e-05,0.00010766517081280817,9.698038147390773e-05,0.00019396076294781549
540,5.4106092130261834e-05,0.00010821218426052367,6.795405411921076e-05,0.00013590810823842152
541,5.6092825837384586e-05,0.00011218565167476919,6.56173310826677e-05,0.0001312346621653354
542,5.4641833908295106e-05,0.00010928366781659021,5.668598813765454e-05,0.00011337197627530909
543,5.658214722622212e-05,0.00011316429445244424,6.837648365023859e-05,0.00013675296730047718
544,5.255316871855406e-05,0.00010510633743710811,9.51744382462644e-05,0.00019034887649252883
545,5.353011917172012e-05,0.00010706023834344023,5.930138495521659e-05,0.00011860276991043318
546,5.305922291963067e-05,0.00010611844583926136,4.3621225772399556e-05,8.72424515447991e-05
547,5.684024438414793e-05,0.00011368048876829587,5.4319043339017053e-05,0.00010863808667803412
548,5.0870142312237616e-05,0.00010174028462447523,6.431672954587691e-05,0.00012863345909175383
549,5.596229901627996e-05,0.00011192459803255992,5.2579416114949246e-05,0.00010515883222989845
550,5.169401818289107e-05,0.00010338803636578214,6.0349152113374056e-05,0.00012069830422674813
551,5.4545890232544664e-05,0.00010909178046508931,6.406107978265694e-05,0.00012812215956531386
552,5.374915152240489e-05,0.00010749830304480977,7.564402094609972e-05,0.00015128804189219945
553,5.274146969074385e-05,0.00010548293938148767,6.34868593218105e-05,0.00012697371864362102
554,5.404754452613005e-05,0.00010809508905226009,5.571438815823634e-05,0.00011142877631647271
555,5.061775999254476e-05,0.00010123551998508952,4.9252275387890174e-05,9.850455077578036e-05
556,5.455904505868838e-05,0.00010911809011737673,5.1008903165913135e-05,0.00010201780633182623
557,5.215685744774072e-05,0.00010431371489548144,5.909218559768485e-05,0.0001181843711953697
558,5.392803430695175e-05,0.00010785606861390348,5.7462260879816766e-05,0.00011492452175963356
559,5.2264054217317965e-05,0.00010452810843463596,4.440621725617008e-05,8.881243451234013e-05
560,5.4018915061805534e-05,0.00010803783012361107,6.006852789480581e-05,0.0001201370557896116
561,5.22592180049468e-05,0.00010451843600989363,5.722808081319655e-05,0.00011445616162639313
562,5.3546854221680524e-05,0.00010709370844336105,6.4003052689143e-05,0.000128006105378286
563,5.043835825303029e-05,0.00010087671650606058,6.932800120461879e-05,0.00013865600240923757
564,5.632998282219415e-05,0.0001126599656443883,5.127121878470401e-05,0.000102542437569408
565,4.715948551533739e-05,9.431897103067472e-05,5.377932874756319e-05,0.00010755865749512638
566,5.25410438479524e-05,0.00010508208769590481,5.4608863626578674e-05,0.00010921772725315736
567,5.185231942850628e-05,0.00010370463885701256,5.233764624857831e-05,0.00010467529249715663
568,5.3047096345466255e-05,0.00010609419269093255,5.354447521056832e-05,0.00010708895042113664
569,5.038234823895533e-05,0.00010076469647791066,4.867561637644686e-05,9.735123275289371e-05
570,5.202293315077829e-05,0.00010404586630155657,4.92414523458416e-05,9.848290469168319e-05
571,5.5218266576969245e-05,0.00011043653315393849,6.237242964018811e-05,0.00012474485928037625
572,4.902103214204808e-05,9.804206428409615e-05,5.358429835296798e-05,0.00010716859670593598
573,5.0049312116225465e-05,0.00010009862423245096,5.9369232113830727e-05,0.00011873846422766145
574,5.309150212283394e-05,0.00010618300424566789,5.4398529424250564e-05,0.00010879705884850115
575,5.097640927727244e-05,0.00010195281855454488,5.620035195566522e-05,0.00011240070391133044
576,5.048716764950416e-05,0.00010097433529900831,6.300304447033045e-05,0.0001260060889406609
577,5.0518231702316526e-05,0.00010103646340463303,7.817603145362049e-05,0.000156352062907241
578,5.1288956683121876e-05,0.00010257791336624375,6.160231167344242e-05,0.00012320462334688487
579,5.190475091197575e-05,0.00010380950182395147,4.6832061562851694e-05,9.366412312570338e-05
580,4.922847427960584e-05,9.845694855921168e-05,5.777715164124914e-05,0.00011555430328249828
581,5.233693438226139e-05,0.00010467386876452278,5.233405001477012e-05,0.00010466810002954024
582,4.845959061822225e-05,9.69191812364445e-05,5.6069175943526046e-05,0.00011213835188705209
583,5.241294581513479e-05,0.0001048258916302696,6.05222049408497e-05,0.0001210444098816994
584,4.50983735554042e-05,9.019674711080839e-05,5.5635261999019185e-05,0.00011127052399803837
585,5.361817010997156e-05,0.00010723634021994312,5.6669206393442805e-05,0.00011333841278688562
586,4.909213267221783e-05,9.818426534443567e-05,5.5761047494816e-05,0.00011152209498963197
587,5.110334100675301e-05,0.00010220668201350604,4.85671466837764e-05,9.713429336755282e-05
588,5.041668698186593e-05,0.00010083337396373186,5.007810308567263e-05,0.00010015620617134525
589,4.850760419092207e-05,9.701520838184412e-05,5.532163228986403e-05,0.00011064326457972806
590,4.970423841692696e-05,9.940847683385393e-05,6.56063925920731e-05,0.00013121278518414623
591,4.9335964554814954e-05,9.867192910962991e-05,4.853326785983667e-05,9.706653571967334e-05
592,4.761113288850505e-05,9.522226577701012e-05,5.008742122949739e-05,0.00010017484245899478
593,5.070571001390804e-05,0.00010141142002781609,5.700011218619326e-05,0.00011400022437238653
594,4.785730004610915e-05,9.57146000922183e-05,5.8127190959486926e-05,0.00011625438191897384
595,5.141984840669453e-05,0.00010283969681338908,5.73336024869664e-05,0.00011466720497393282
596,4.776648890816501e-05,9.553297781633001e-05,4.8588216670030994e-05,9.717643334006199e-05
